<?xml version="1.0" encoding="UTF-8"?>
<!-- Generated by org.testng.reporters.JUnitReportReporter -->
<testsuite hostname="DESKTOP-120F4K9" failures="0" tests="1" name="ExtendReport.TestDemo" time="2.566" errors="0" timestamp="2021-07-26T21:03:23 IST" skipped="0">
  <testcase classname="ExtendReport.TestDemo" name="lunchbrowser" time="2.566"/>
  <system-out/>
</testsuite> <!-- ExtendReport.TestDemo -->
