<?xml version="1.0" encoding="UTF-8"?>
<!-- Generated by org.testng.reporters.JUnitReportReporter -->
<testsuite hostname="DESKTOP-120F4K9" failures="0" tests="1" name="TestNG.TestDemo" time="0.005" errors="0" timestamp="2021-07-18T13:16:24 IST" skipped="0">
  <testcase classname="TestNG.TestDemo" name="m4" time="0.005"/>
  <system-out/>
</testsuite> <!-- TestNG.TestDemo -->
