<?xml version="1.0" encoding="UTF-8"?>
<!-- Generated by org.testng.reporters.JUnitReportReporter -->
<testsuite hostname="DESKTOP-120F4K9" failures="0" tests="1" name="Script.Test2" time="14.674" errors="0" timestamp="2021-07-26T13:34:59 IST" skipped="0">
  <testcase classname="Script.Test2" name="LaunchBrowserAnd" time="14.674"/>
  <system-out/>
</testsuite> <!-- Script.Test2 -->
